[master b9a3e0a] Auto update at 20241028144901
 1 file changed, 1 insertion(+)
 create mode 100644 log-auto-run.txt
To https://github.com/narahim/narahim.github.io
   1e1da26..b9a3e0a  master -> master
[master ab6fa07] Auto update at 20241028145000
 1 file changed, 1 insertion(+)
To https://github.com/narahim/narahim.github.io
   b9a3e0a..ab6fa07  master -> master
[master aeb5585] Auto update at 20241028145100
 1 file changed, 1 insertion(+)
To https://github.com/narahim/narahim.github.io
   ab6fa07..aeb5585  master -> master
[master 7967238] Auto update at 20241028145201
 1 file changed, 1 insertion(+)
To https://github.com/narahim/narahim.github.io
   aeb5585..7967238  master -> master
[master 47cfd2a] Auto update at 20241028145300
 1 file changed, 1 insertion(+)
To https://github.com/narahim/narahim.github.io
   7967238..47cfd2a  master -> master
[master 5917668] Auto update at 20241028145400
 1 file changed, 1 insertion(+)
To https://github.com/narahim/narahim.github.io
   47cfd2a..5917668  master -> master
[master 7386db6] Auto update at 20241028150000
 1 file changed, 1 insertion(+)
To https://github.com/narahim/narahim.github.io
   5917668..7386db6  master -> master
[master acf2dbc] Auto update at 20241028153000
 2 files changed, 5 insertions(+)
To https://github.com/narahim/narahim.github.io
   efc4ea1..acf2dbc  master -> master
[master 6a5c0b6] Auto update at 20241028153500
 2 files changed, 2 insertions(+)
To https://github.com/narahim/narahim.github.io
   acf2dbc..6a5c0b6  master -> master
[master 56af9ec] Auto update at 20241028154500
 2 files changed, 2 insertions(+)
To https://github.com/narahim/narahim.github.io
   6a5c0b6..56af9ec  master -> master
[master c790635] Auto update at 20241028163000
 2 files changed, 2 insertions(+)
To https://github.com/narahim/narahim.github.io
   56af9ec..c790635  master -> master
[master f66f498] Auto update at 20241104114001
 2 files changed, 2 insertions(+)
To https://github.com/narahim/narahim.github.io
   c790635..f66f498  master -> master
[master 2b26046] Auto update at 20241111114000
 2 files changed, 2 insertions(+)
To https://github.com/narahim/narahim.github.io
   f66f498..2b26046  master -> master
[master 0932893] Auto update at 20241118114000
 2 files changed, 2 insertions(+)
To https://github.com/narahim/narahim.github.io
   2b26046..0932893  master -> master
[master 62bfc85] Auto update at 20241125114000
 2 files changed, 2 insertions(+)
To https://github.com/narahim/narahim.github.io
   0932893..62bfc85  master -> master
[master b39123b] Auto update at 20241202114213
 2 files changed, 2 insertions(+)
To https://github.com/narahim/narahim.github.io
   62bfc85..b39123b  master -> master
[master c91aef6] Auto update at 20241209114000
 2 files changed, 2 insertions(+)
To https://github.com/narahim/narahim.github.io
   b39123b..c91aef6  master -> master
[master 546af27] Auto update at 20241216114000
 2 files changed, 2 insertions(+)
To https://github.com/narahim/narahim.github.io
   c91aef6..546af27  master -> master
[master ad6c41e] Auto update at 20241223114000
 2 files changed, 2 insertions(+)
To https://github.com/narahim/narahim.github.io
   546af27..ad6c41e  master -> master
[master b8b8013] Auto update at 20241230114000
 2 files changed, 2 insertions(+)
To https://github.com/narahim/narahim.github.io
   ad6c41e..b8b8013  master -> master
[master 0922270] Auto update at 20250106114000
 2 files changed, 2 insertions(+)
To https://github.com/narahim/narahim.github.io
   b8b8013..0922270  master -> master
[master 17797ab] Auto update at 20250113114000
 2 files changed, 2 insertions(+)
To https://github.com/narahim/narahim.github.io
   0922270..17797ab  master -> master
[master 40b08d0] Auto update at 20250120114000
 2 files changed, 2 insertions(+)
To https://github.com/narahim/narahim.github.io
   17797ab..40b08d0  master -> master
[master 060df57] Auto update at 20250127114001
 2 files changed, 2 insertions(+)
To https://github.com/narahim/narahim.github.io
   40b08d0..060df57  master -> master
[master a2e75a7] Auto update at 20250203114000
 2 files changed, 2 insertions(+)
To https://github.com/narahim/narahim.github.io
   060df57..a2e75a7  master -> master
[master 4b15127] Auto update at 20250210114000
 2 files changed, 2 insertions(+)
To https://github.com/narahim/narahim.github.io
   a2e75a7..4b15127  master -> master
[master 2a9432b] Auto update at 20250217114001
 2 files changed, 2 insertions(+)
fatal: unable to access 'https://github.com/narahim/narahim.github.io/': Failed to connect to github.com port 443 after 75025 ms: Couldn't connect to server
[master 5397571] Auto update at 20250310114000
 2 files changed, 2 insertions(+)
To https://github.com/narahim/narahim.github.io
   4b15127..5397571  master -> master
[master 08343b4] Auto update at 20250317114001
 2 files changed, 2 insertions(+)
To https://github.com/narahim/narahim.github.io
   5397571..08343b4  master -> master
[master 60fce4c] Auto update at 20250324114000
 2 files changed, 2 insertions(+)
To https://github.com/narahim/narahim.github.io
   08343b4..60fce4c  master -> master
[master 3668e17] Auto update at 20250414114000
 2 files changed, 2 insertions(+)
To https://github.com/narahim/narahim.github.io
   60fce4c..3668e17  master -> master
[master 31874e5] Auto update at 20250505114000
 2 files changed, 2 insertions(+)
To https://github.com/narahim/narahim.github.io
   3668e17..31874e5  master -> master
[master 3b2103c] Auto update at 20250512114000
 2 files changed, 2 insertions(+)
To https://github.com/narahim/narahim.github.io
   0289071..3b2103c  master -> master
[master a8a5aa2] Auto update at 20250519114000
 2 files changed, 2 insertions(+)
To https://github.com/narahim/narahim.github.io
   3b2103c..a8a5aa2  master -> master
[master 1377b4c] Auto update at 20250526114000
 2 files changed, 2 insertions(+)
To https://github.com/narahim/narahim.github.io
   a8a5aa2..1377b4c  master -> master
[master c627682] Auto update at 20250602114000
 2 files changed, 2 insertions(+)
To https://github.com/narahim/narahim.github.io
   1377b4c..c627682  master -> master
[master fab14d9] Auto update at 20250609114000
 2 files changed, 2 insertions(+)
To https://github.com/narahim/narahim.github.io
   c627682..fab14d9  master -> master
[master 0a40951] Auto update at 20250616114000
 2 files changed, 2 insertions(+)
To https://github.com/narahim/narahim.github.io
   fab14d9..0a40951  master -> master
[master f4adc7d] Auto update at 20250630114000
 2 files changed, 2 insertions(+)
To https://github.com/narahim/narahim.github.io
   0a40951..f4adc7d  master -> master
[master c483608] Auto update at 20250714114000
 2 files changed, 2 insertions(+)
To https://github.com/narahim/narahim.github.io
   f4adc7d..c483608  master -> master
[master b0fe7fa] Auto update at 20250721114000
 2 files changed, 2 insertions(+)
To https://github.com/narahim/narahim.github.io
   c483608..b0fe7fa  master -> master
[master 1d1b9e5] Auto update at 20250728114000
 2 files changed, 2 insertions(+)
To https://github.com/narahim/narahim.github.io
   b0fe7fa..1d1b9e5  master -> master
[master f75a237] Auto update at 20250804114000
 2 files changed, 2 insertions(+)
To https://github.com/narahim/narahim.github.io
   1d1b9e5..f75a237  master -> master
[master 66c03a5] Auto update at 20250825114000
 2 files changed, 2 insertions(+)
To https://github.com/narahim/narahim.github.io
   f75a237..66c03a5  master -> master
[master f98fd60] Auto update at 20250901114857
 2 files changed, 2 insertions(+)
To https://github.com/narahim/narahim.github.io
   66c03a5..f98fd60  master -> master
[master 377f4cf] Auto update at 20250915114000
 2 files changed, 2 insertions(+)
To https://github.com/narahim/narahim.github.io
   f98fd60..377f4cf  master -> master
[master 929e15b] Auto update at 20250922114001
 2 files changed, 2 insertions(+)
To https://github.com/narahim/narahim.github.io
   377f4cf..929e15b  master -> master
[master 8eb56c1] Auto update at 20250929114001
 2 files changed, 2 insertions(+)
To https://github.com/narahim/narahim.github.io
   929e15b..8eb56c1  master -> master
[master 5a8f4d2] Auto update at 20251006114000
 2 files changed, 2 insertions(+)
To https://github.com/narahim/narahim.github.io
   8eb56c1..5a8f4d2  master -> master
[master 409c18b] Auto update at 20251013114001
 2 files changed, 2 insertions(+)
To https://github.com/narahim/narahim.github.io
   5a8f4d2..409c18b  master -> master
[master cf19ae2] Auto update at 20251020114000
 2 files changed, 2 insertions(+)
To https://github.com/narahim/narahim.github.io
   409c18b..cf19ae2  master -> master
[master 81c99be] Auto update at 20251027114000
 2 files changed, 2 insertions(+)
To https://github.com/narahim/narahim.github.io
   cf19ae2..81c99be  master -> master
[master 43cba9f] Auto update at 20251103114000
 2 files changed, 2 insertions(+)
To https://github.com/narahim/narahim.github.io
   81c99be..43cba9f  master -> master
[master 8b8b26a] Auto update at 20251110114000
 2 files changed, 2 insertions(+)
To https://github.com/narahim/narahim.github.io
   43cba9f..8b8b26a  master -> master
[master c69d1ee] Auto update at 20251117114000
 2 files changed, 2 insertions(+)
To https://github.com/narahim/narahim.github.io
   8b8b26a..c69d1ee  master -> master
[master 0919db6] Auto update at 20251124114000
 2 files changed, 2 insertions(+)
To https://github.com/narahim/narahim.github.io
   c69d1ee..0919db6  master -> master
[master 1ae62e0] Auto update at 20251201114001
 2 files changed, 4 insertions(+), 49 deletions(-)
To https://github.com/narahim/narahim.github.io
   0919db6..1ae62e0  master -> master
[master 5c63a6a] Auto update at 20251208114000
 2 files changed, 2 insertions(+)
To https://github.com/narahim/narahim.github.io
   1ae62e0..5c63a6a  master -> master
